<?xml version="1.0" encoding="UTF-8"?>
<robot generator="Robot 6.1.1 (Python 3.11.6 on darwin)" generated="20240531 18:03:00.500" rpa="false" schemaversion="4">
<suite id="s1" name="1.HTTPMethods test" source="/Users/anhnguyen/Documents/GitHub/NotPublicRepo/RobotFramework/APITest/1.HTTPMethods_test.robot">
<test id="s1-t1" name="TC1: Verify for HTTP Method - DELETE" line="8">
<kw name="verifyByMethod">
<arg>delete</arg>
<kw name="Set Variable" library="BuiltIn">
<var>${method}</var>
<arg>${method}</arg>
<doc>Returns the given values which can then be assigned to a variables.</doc>
<msg timestamp="20240531 18:03:00.615" level="INFO">${method} = delete</msg>
<status status="PASS" starttime="20240531 18:03:00.614" endtime="20240531 18:03:00.615"/>
</kw>
<kw name="Run Keyword If" library="BuiltIn">
<var>${response}</var>
<arg>'${method}' == 'delete'</arg>
<arg>Delete</arg>
<arg>${baseURL}/delete</arg>
<arg>ELSE IF</arg>
<arg>'${method}' == 'get'</arg>
<arg>Get</arg>
<arg>${baseURL}/get</arg>
<arg>ELSE IF</arg>
<arg>'${method}' == 'patch'</arg>
<arg>Patch</arg>
<arg>${baseURL}/patch</arg>
<arg>ELSE IF</arg>
<arg>'${method}' == 'post'</arg>
<arg>Post</arg>
<arg>${baseURL}/post</arg>
<arg>ELSE IF</arg>
<arg>'${method}' == 'put'</arg>
<arg>Put</arg>
<arg>${baseURL}/put</arg>
<doc>Runs the given keyword with the given arguments, if ``condition`` is true.</doc>
<kw name="DELETE" library="RequestsLibrary">
<arg>${baseURL}/delete</arg>
<doc>Sends a DELETE request.</doc>
<msg timestamp="20240531 18:03:01.996" level="INFO">DELETE Request : url=https://httpbin.org/delete 
 path_url=/delete 
 headers={'User-Agent': 'python-requests/2.31.0', 'Accept-Encoding': 'gzip, deflate', 'Accept': '*/*', 'Connection': 'keep-alive', 'Content-Length': '0'} 
 body=None 
 </msg>
<msg timestamp="20240531 18:03:01.996" level="INFO">DELETE Response : url=https://httpbin.org/delete 
 status=200, reason=OK 
 headers={'Date': 'Fri, 31 May 2024 11:03:01 GMT', 'Content-Type': 'application/json', 'Content-Length': '402', 'Connection': 'keep-alive', 'Server': 'gunicorn/19.9.0', 'Access-Control-Allow-Origin': '*', 'Access-Control-Allow-Credentials': 'true'} 
 body={
  "args": {}, 
  "data": "", 
  "files": {}, 
  "form": {}, 
  "headers": {
    "Accept": "*/*", 
    "Accept-Encoding": "gzip, deflate", 
    "Content-Length": "0", 
    "Host": "httpbin.org", 
    "User-Agent": "python-requests/2.31.0", 
    "X-Amzn-Trace-Id": "Root=1-6659ae65-1378da37314150067a9e56af"
  }, 
  "json": null, 
  "origin": "123.21.140.208", 
  "url": "https://httpbin.org/delete"
}
 
 </msg>
<status status="PASS" starttime="20240531 18:03:00.615" endtime="20240531 18:03:01.996"/>
</kw>
<msg timestamp="20240531 18:03:01.997" level="INFO">${response} = &lt;Response [200]&gt;</msg>
<status status="PASS" starttime="20240531 18:03:00.615" endtime="20240531 18:03:01.997"/>
</kw>
<kw name="Should Be Equal As Strings" library="BuiltIn">
<arg>${response.status_code}</arg>
<arg>200</arg>
<doc>Fails if objects are unequal after converting them to strings.</doc>
<msg timestamp="20240531 18:03:01.997" level="INFO">Argument types are:
&lt;class 'int'&gt;
&lt;class 'str'&gt;</msg>
<status status="PASS" starttime="20240531 18:03:01.997" endtime="20240531 18:03:01.997"/>
</kw>
<kw name="Should Be Equal As Strings" library="BuiltIn">
<arg>${response.headers['Content-Type']}</arg>
<arg>application/json</arg>
<doc>Fails if objects are unequal after converting them to strings.</doc>
<status status="PASS" starttime="20240531 18:03:01.998" endtime="20240531 18:03:01.998"/>
</kw>
<kw name="Should Be Equal As Strings" library="BuiltIn">
<arg>${response.json()['url']}</arg>
<arg>${baseURL}/${method}</arg>
<doc>Fails if objects are unequal after converting them to strings.</doc>
<status status="PASS" starttime="20240531 18:03:01.998" endtime="20240531 18:03:01.999"/>
</kw>
<kw name="Should Be Equal As Strings" library="BuiltIn">
<arg>${response.json()['json']}</arg>
<arg>None</arg>
<doc>Fails if objects are unequal after converting them to strings.</doc>
<msg timestamp="20240531 18:03:02.000" level="INFO">Argument types are:
&lt;class 'NoneType'&gt;
&lt;class 'str'&gt;</msg>
<status status="PASS" starttime="20240531 18:03:01.999" endtime="20240531 18:03:02.000"/>
</kw>
<status status="PASS" starttime="20240531 18:03:00.614" endtime="20240531 18:03:02.000"/>
</kw>
<status status="PASS" starttime="20240531 18:03:00.613" endtime="20240531 18:03:02.000"/>
</test>
<test id="s1-t2" name="TC2: Verify for HTTP Method - GET" line="10">
<kw name="verifyByMethod">
<arg>get</arg>
<kw name="Set Variable" library="BuiltIn">
<var>${method}</var>
<arg>${method}</arg>
<doc>Returns the given values which can then be assigned to a variables.</doc>
<msg timestamp="20240531 18:03:02.001" level="INFO">${method} = get</msg>
<status status="PASS" starttime="20240531 18:03:02.001" endtime="20240531 18:03:02.001"/>
</kw>
<kw name="Run Keyword If" library="BuiltIn">
<var>${response}</var>
<arg>'${method}' == 'delete'</arg>
<arg>Delete</arg>
<arg>${baseURL}/delete</arg>
<arg>ELSE IF</arg>
<arg>'${method}' == 'get'</arg>
<arg>Get</arg>
<arg>${baseURL}/get</arg>
<arg>ELSE IF</arg>
<arg>'${method}' == 'patch'</arg>
<arg>Patch</arg>
<arg>${baseURL}/patch</arg>
<arg>ELSE IF</arg>
<arg>'${method}' == 'post'</arg>
<arg>Post</arg>
<arg>${baseURL}/post</arg>
<arg>ELSE IF</arg>
<arg>'${method}' == 'put'</arg>
<arg>Put</arg>
<arg>${baseURL}/put</arg>
<doc>Runs the given keyword with the given arguments, if ``condition`` is true.</doc>
<kw name="GET" library="RequestsLibrary">
<arg>${baseURL}/get</arg>
<doc>Sends a GET request.</doc>
<msg timestamp="20240531 18:03:03.250" level="INFO">GET Request : url=https://httpbin.org/get 
 path_url=/get 
 headers={'User-Agent': 'python-requests/2.31.0', 'Accept-Encoding': 'gzip, deflate', 'Accept': '*/*', 'Connection': 'keep-alive'} 
 body=None 
 </msg>
<msg timestamp="20240531 18:03:03.250" level="INFO">GET Response : url=https://httpbin.org/get 
 status=200, reason=OK 
 headers={'Date': 'Fri, 31 May 2024 11:03:03 GMT', 'Content-Type': 'application/json', 'Content-Length': '308', 'Connection': 'keep-alive', 'Server': 'gunicorn/19.9.0', 'Access-Control-Allow-Origin': '*', 'Access-Control-Allow-Credentials': 'true'} 
 body={
  "args": {}, 
  "headers": {
    "Accept": "*/*", 
    "Accept-Encoding": "gzip, deflate", 
    "Host": "httpbin.org", 
    "User-Agent": "python-requests/2.31.0", 
    "X-Amzn-Trace-Id": "Root=1-6659ae67-4da97cad52728ef003ed62b2"
  }, 
  "origin": "123.21.140.208", 
  "url": "https://httpbin.org/get"
}
 
 </msg>
<status status="PASS" starttime="20240531 18:03:02.002" endtime="20240531 18:03:03.252"/>
</kw>
<msg timestamp="20240531 18:03:03.252" level="INFO">${response} = &lt;Response [200]&gt;</msg>
<status status="PASS" starttime="20240531 18:03:02.001" endtime="20240531 18:03:03.252"/>
</kw>
<kw name="Should Be Equal As Strings" library="BuiltIn">
<arg>${response.status_code}</arg>
<arg>200</arg>
<doc>Fails if objects are unequal after converting them to strings.</doc>
<msg timestamp="20240531 18:03:03.253" level="INFO">Argument types are:
&lt;class 'int'&gt;
&lt;class 'str'&gt;</msg>
<status status="PASS" starttime="20240531 18:03:03.252" endtime="20240531 18:03:03.253"/>
</kw>
<kw name="Should Be Equal As Strings" library="BuiltIn">
<arg>${response.headers['Content-Type']}</arg>
<arg>application/json</arg>
<doc>Fails if objects are unequal after converting them to strings.</doc>
<status status="PASS" starttime="20240531 18:03:03.253" endtime="20240531 18:03:03.253"/>
</kw>
<kw name="Should Be Equal As Strings" library="BuiltIn">
<arg>${response.json()['url']}</arg>
<arg>${baseURL}/${method}</arg>
<doc>Fails if objects are unequal after converting them to strings.</doc>
<status status="PASS" starttime="20240531 18:03:03.253" endtime="20240531 18:03:03.254"/>
</kw>
<kw name="Should Be Equal As Strings" library="BuiltIn">
<arg>${response.json()['json']}</arg>
<arg>None</arg>
<doc>Fails if objects are unequal after converting them to strings.</doc>
<msg timestamp="20240531 18:03:03.255" level="FAIL">Resolving variable '${response.json()['json']}' failed: KeyError: 'json'</msg>
<status status="FAIL" starttime="20240531 18:03:03.254" endtime="20240531 18:03:03.255"/>
</kw>
<status status="FAIL" starttime="20240531 18:03:02.001" endtime="20240531 18:03:03.255"/>
</kw>
<status status="FAIL" starttime="20240531 18:03:02.000" endtime="20240531 18:03:03.255">Resolving variable '${response.json()['json']}' failed: KeyError: 'json'</status>
</test>
<test id="s1-t3" name="TC3: Verify for HTTP Method - PATCH" line="12">
<kw name="verifyByMethod">
<arg>patch</arg>
<kw name="Set Variable" library="BuiltIn">
<var>${method}</var>
<arg>${method}</arg>
<doc>Returns the given values which can then be assigned to a variables.</doc>
<msg timestamp="20240531 18:03:03.256" level="INFO">${method} = patch</msg>
<status status="PASS" starttime="20240531 18:03:03.256" endtime="20240531 18:03:03.256"/>
</kw>
<kw name="Run Keyword If" library="BuiltIn">
<var>${response}</var>
<arg>'${method}' == 'delete'</arg>
<arg>Delete</arg>
<arg>${baseURL}/delete</arg>
<arg>ELSE IF</arg>
<arg>'${method}' == 'get'</arg>
<arg>Get</arg>
<arg>${baseURL}/get</arg>
<arg>ELSE IF</arg>
<arg>'${method}' == 'patch'</arg>
<arg>Patch</arg>
<arg>${baseURL}/patch</arg>
<arg>ELSE IF</arg>
<arg>'${method}' == 'post'</arg>
<arg>Post</arg>
<arg>${baseURL}/post</arg>
<arg>ELSE IF</arg>
<arg>'${method}' == 'put'</arg>
<arg>Put</arg>
<arg>${baseURL}/put</arg>
<doc>Runs the given keyword with the given arguments, if ``condition`` is true.</doc>
<kw name="PATCH" library="RequestsLibrary">
<arg>${baseURL}/patch</arg>
<doc>Sends a PUT request.</doc>
<msg timestamp="20240531 18:03:04.580" level="INFO">PATCH Request : url=https://httpbin.org/patch 
 path_url=/patch 
 headers={'User-Agent': 'python-requests/2.31.0', 'Accept-Encoding': 'gzip, deflate', 'Accept': '*/*', 'Connection': 'keep-alive', 'Content-Length': '0'} 
 body=None 
 </msg>
<msg timestamp="20240531 18:03:04.580" level="INFO">PATCH Response : url=https://httpbin.org/patch 
 status=200, reason=OK 
 headers={'Date': 'Fri, 31 May 2024 11:03:04 GMT', 'Content-Type': 'application/json', 'Content-Length': '401', 'Connection': 'keep-alive', 'Server': 'gunicorn/19.9.0', 'Access-Control-Allow-Origin': '*', 'Access-Control-Allow-Credentials': 'true'} 
 body={
  "args": {}, 
  "data": "", 
  "files": {}, 
  "form": {}, 
  "headers": {
    "Accept": "*/*", 
    "Accept-Encoding": "gzip, deflate", 
    "Content-Length": "0", 
    "Host": "httpbin.org", 
    "User-Agent": "python-requests/2.31.0", 
    "X-Amzn-Trace-Id": "Root=1-6659ae68-04ee2b6630832a1e5238ca0c"
  }, 
  "json": null, 
  "origin": "123.21.140.208", 
  "url": "https://httpbin.org/patch"
}
 
 </msg>
<status status="PASS" starttime="20240531 18:03:03.257" endtime="20240531 18:03:04.580"/>
</kw>
<msg timestamp="20240531 18:03:04.580" level="INFO">${response} = &lt;Response [200]&gt;</msg>
<status status="PASS" starttime="20240531 18:03:03.256" endtime="20240531 18:03:04.580"/>
</kw>
<kw name="Should Be Equal As Strings" library="BuiltIn">
<arg>${response.status_code}</arg>
<arg>200</arg>
<doc>Fails if objects are unequal after converting them to strings.</doc>
<msg timestamp="20240531 18:03:04.581" level="INFO">Argument types are:
&lt;class 'int'&gt;
&lt;class 'str'&gt;</msg>
<status status="PASS" starttime="20240531 18:03:04.580" endtime="20240531 18:03:04.581"/>
</kw>
<kw name="Should Be Equal As Strings" library="BuiltIn">
<arg>${response.headers['Content-Type']}</arg>
<arg>application/json</arg>
<doc>Fails if objects are unequal after converting them to strings.</doc>
<status status="PASS" starttime="20240531 18:03:04.581" endtime="20240531 18:03:04.581"/>
</kw>
<kw name="Should Be Equal As Strings" library="BuiltIn">
<arg>${response.json()['url']}</arg>
<arg>${baseURL}/${method}</arg>
<doc>Fails if objects are unequal after converting them to strings.</doc>
<status status="PASS" starttime="20240531 18:03:04.582" endtime="20240531 18:03:04.582"/>
</kw>
<kw name="Should Be Equal As Strings" library="BuiltIn">
<arg>${response.json()['json']}</arg>
<arg>None</arg>
<doc>Fails if objects are unequal after converting them to strings.</doc>
<msg timestamp="20240531 18:03:04.583" level="INFO">Argument types are:
&lt;class 'NoneType'&gt;
&lt;class 'str'&gt;</msg>
<status status="PASS" starttime="20240531 18:03:04.582" endtime="20240531 18:03:04.583"/>
</kw>
<status status="PASS" starttime="20240531 18:03:03.256" endtime="20240531 18:03:04.583"/>
</kw>
<status status="PASS" starttime="20240531 18:03:03.255" endtime="20240531 18:03:04.583"/>
</test>
<test id="s1-t4" name="TC4: Verify for HTTP Method - POST" line="14">
<kw name="verifyByMethod">
<arg>post</arg>
<kw name="Set Variable" library="BuiltIn">
<var>${method}</var>
<arg>${method}</arg>
<doc>Returns the given values which can then be assigned to a variables.</doc>
<msg timestamp="20240531 18:03:04.584" level="INFO">${method} = post</msg>
<status status="PASS" starttime="20240531 18:03:04.584" endtime="20240531 18:03:04.584"/>
</kw>
<kw name="Run Keyword If" library="BuiltIn">
<var>${response}</var>
<arg>'${method}' == 'delete'</arg>
<arg>Delete</arg>
<arg>${baseURL}/delete</arg>
<arg>ELSE IF</arg>
<arg>'${method}' == 'get'</arg>
<arg>Get</arg>
<arg>${baseURL}/get</arg>
<arg>ELSE IF</arg>
<arg>'${method}' == 'patch'</arg>
<arg>Patch</arg>
<arg>${baseURL}/patch</arg>
<arg>ELSE IF</arg>
<arg>'${method}' == 'post'</arg>
<arg>Post</arg>
<arg>${baseURL}/post</arg>
<arg>ELSE IF</arg>
<arg>'${method}' == 'put'</arg>
<arg>Put</arg>
<arg>${baseURL}/put</arg>
<doc>Runs the given keyword with the given arguments, if ``condition`` is true.</doc>
<kw name="POST" library="RequestsLibrary">
<arg>${baseURL}/post</arg>
<doc>Sends a POST request.</doc>
<msg timestamp="20240531 18:03:05.912" level="INFO">POST Request : url=https://httpbin.org/post 
 path_url=/post 
 headers={'User-Agent': 'python-requests/2.31.0', 'Accept-Encoding': 'gzip, deflate', 'Accept': '*/*', 'Connection': 'keep-alive', 'Content-Length': '0'} 
 body=None 
 </msg>
<msg timestamp="20240531 18:03:05.912" level="INFO">POST Response : url=https://httpbin.org/post 
 status=200, reason=OK 
 headers={'Date': 'Fri, 31 May 2024 11:03:05 GMT', 'Content-Type': 'application/json', 'Content-Length': '400', 'Connection': 'keep-alive', 'Server': 'gunicorn/19.9.0', 'Access-Control-Allow-Origin': '*', 'Access-Control-Allow-Credentials': 'true'} 
 body={
  "args": {}, 
  "data": "", 
  "files": {}, 
  "form": {}, 
  "headers": {
    "Accept": "*/*", 
    "Accept-Encoding": "gzip, deflate", 
    "Content-Length": "0", 
    "Host": "httpbin.org", 
    "User-Agent": "python-requests/2.31.0", 
    "X-Amzn-Trace-Id": "Root=1-6659ae69-602fb0c86fe0c505645426b3"
  }, 
  "json": null, 
  "origin": "123.21.140.208", 
  "url": "https://httpbin.org/post"
}
 
 </msg>
<status status="PASS" starttime="20240531 18:03:04.585" endtime="20240531 18:03:05.912"/>
</kw>
<msg timestamp="20240531 18:03:05.912" level="INFO">${response} = &lt;Response [200]&gt;</msg>
<status status="PASS" starttime="20240531 18:03:04.584" endtime="20240531 18:03:05.912"/>
</kw>
<kw name="Should Be Equal As Strings" library="BuiltIn">
<arg>${response.status_code}</arg>
<arg>200</arg>
<doc>Fails if objects are unequal after converting them to strings.</doc>
<msg timestamp="20240531 18:03:05.913" level="INFO">Argument types are:
&lt;class 'int'&gt;
&lt;class 'str'&gt;</msg>
<status status="PASS" starttime="20240531 18:03:05.912" endtime="20240531 18:03:05.913"/>
</kw>
<kw name="Should Be Equal As Strings" library="BuiltIn">
<arg>${response.headers['Content-Type']}</arg>
<arg>application/json</arg>
<doc>Fails if objects are unequal after converting them to strings.</doc>
<status status="PASS" starttime="20240531 18:03:05.913" endtime="20240531 18:03:05.913"/>
</kw>
<kw name="Should Be Equal As Strings" library="BuiltIn">
<arg>${response.json()['url']}</arg>
<arg>${baseURL}/${method}</arg>
<doc>Fails if objects are unequal after converting them to strings.</doc>
<status status="PASS" starttime="20240531 18:03:05.913" endtime="20240531 18:03:05.914"/>
</kw>
<kw name="Should Be Equal As Strings" library="BuiltIn">
<arg>${response.json()['json']}</arg>
<arg>None</arg>
<doc>Fails if objects are unequal after converting them to strings.</doc>
<msg timestamp="20240531 18:03:05.915" level="INFO">Argument types are:
&lt;class 'NoneType'&gt;
&lt;class 'str'&gt;</msg>
<status status="PASS" starttime="20240531 18:03:05.914" endtime="20240531 18:03:05.915"/>
</kw>
<status status="PASS" starttime="20240531 18:03:04.584" endtime="20240531 18:03:05.915"/>
</kw>
<status status="PASS" starttime="20240531 18:03:04.583" endtime="20240531 18:03:05.915"/>
</test>
<test id="s1-t5" name="TC5: Verify for HTTP Method - POST" line="16">
<kw name="verifyByMethod">
<arg>put</arg>
<kw name="Set Variable" library="BuiltIn">
<var>${method}</var>
<arg>${method}</arg>
<doc>Returns the given values which can then be assigned to a variables.</doc>
<msg timestamp="20240531 18:03:05.919" level="INFO">${method} = put</msg>
<status status="PASS" starttime="20240531 18:03:05.916" endtime="20240531 18:03:05.919"/>
</kw>
<kw name="Run Keyword If" library="BuiltIn">
<var>${response}</var>
<arg>'${method}' == 'delete'</arg>
<arg>Delete</arg>
<arg>${baseURL}/delete</arg>
<arg>ELSE IF</arg>
<arg>'${method}' == 'get'</arg>
<arg>Get</arg>
<arg>${baseURL}/get</arg>
<arg>ELSE IF</arg>
<arg>'${method}' == 'patch'</arg>
<arg>Patch</arg>
<arg>${baseURL}/patch</arg>
<arg>ELSE IF</arg>
<arg>'${method}' == 'post'</arg>
<arg>Post</arg>
<arg>${baseURL}/post</arg>
<arg>ELSE IF</arg>
<arg>'${method}' == 'put'</arg>
<arg>Put</arg>
<arg>${baseURL}/put</arg>
<doc>Runs the given keyword with the given arguments, if ``condition`` is true.</doc>
<kw name="PUT" library="RequestsLibrary">
<arg>${baseURL}/put</arg>
<doc>Sends a PUT request.</doc>
<msg timestamp="20240531 18:03:07.373" level="INFO">PUT Request : url=https://httpbin.org/put 
 path_url=/put 
 headers={'User-Agent': 'python-requests/2.31.0', 'Accept-Encoding': 'gzip, deflate', 'Accept': '*/*', 'Connection': 'keep-alive', 'Content-Length': '0'} 
 body=None 
 </msg>
<msg timestamp="20240531 18:03:07.373" level="INFO">PUT Response : url=https://httpbin.org/put 
 status=200, reason=OK 
 headers={'Date': 'Fri, 31 May 2024 11:03:07 GMT', 'Content-Type': 'application/json', 'Content-Length': '399', 'Connection': 'keep-alive', 'Server': 'gunicorn/19.9.0', 'Access-Control-Allow-Origin': '*', 'Access-Control-Allow-Credentials': 'true'} 
 body={
  "args": {}, 
  "data": "", 
  "files": {}, 
  "form": {}, 
  "headers": {
    "Accept": "*/*", 
    "Accept-Encoding": "gzip, deflate", 
    "Content-Length": "0", 
    "Host": "httpbin.org", 
    "User-Agent": "python-requests/2.31.0", 
    "X-Amzn-Trace-Id": "Root=1-6659ae6b-3222dd2e289e322247955f95"
  }, 
  "json": null, 
  "origin": "123.21.140.208", 
  "url": "https://httpbin.org/put"
}
 
 </msg>
<status status="PASS" starttime="20240531 18:03:05.919" endtime="20240531 18:03:07.375"/>
</kw>
<msg timestamp="20240531 18:03:07.376" level="INFO">${response} = &lt;Response [200]&gt;</msg>
<status status="PASS" starttime="20240531 18:03:05.919" endtime="20240531 18:03:07.376"/>
</kw>
<kw name="Should Be Equal As Strings" library="BuiltIn">
<arg>${response.status_code}</arg>
<arg>200</arg>
<doc>Fails if objects are unequal after converting them to strings.</doc>
<msg timestamp="20240531 18:03:07.376" level="INFO">Argument types are:
&lt;class 'int'&gt;
&lt;class 'str'&gt;</msg>
<status status="PASS" starttime="20240531 18:03:07.376" endtime="20240531 18:03:07.376"/>
</kw>
<kw name="Should Be Equal As Strings" library="BuiltIn">
<arg>${response.headers['Content-Type']}</arg>
<arg>application/json</arg>
<doc>Fails if objects are unequal after converting them to strings.</doc>
<status status="PASS" starttime="20240531 18:03:07.377" endtime="20240531 18:03:07.377"/>
</kw>
<kw name="Should Be Equal As Strings" library="BuiltIn">
<arg>${response.json()['url']}</arg>
<arg>${baseURL}/${method}</arg>
<doc>Fails if objects are unequal after converting them to strings.</doc>
<status status="PASS" starttime="20240531 18:03:07.377" endtime="20240531 18:03:07.378"/>
</kw>
<kw name="Should Be Equal As Strings" library="BuiltIn">
<arg>${response.json()['json']}</arg>
<arg>None</arg>
<doc>Fails if objects are unequal after converting them to strings.</doc>
<msg timestamp="20240531 18:03:07.378" level="INFO">Argument types are:
&lt;class 'NoneType'&gt;
&lt;class 'str'&gt;</msg>
<status status="PASS" starttime="20240531 18:03:07.378" endtime="20240531 18:03:07.378"/>
</kw>
<status status="PASS" starttime="20240531 18:03:05.916" endtime="20240531 18:03:07.379"/>
</kw>
<status status="PASS" starttime="20240531 18:03:05.915" endtime="20240531 18:03:07.379"/>
</test>
<doc>Test suite for demo purposes: (1) Verify HTTP Methods</doc>
<status status="FAIL" starttime="20240531 18:03:00.502" endtime="20240531 18:03:07.380"/>
</suite>
<statistics>
<total>
<stat pass="4" fail="1" skip="0">All Tests</stat>
</total>
<tag>
</tag>
<suite>
<stat pass="4" fail="1" skip="0" id="s1" name="1.HTTPMethods test">1.HTTPMethods test</stat>
</suite>
</statistics>
<errors>
</errors>
</robot>
